\BOOKMARK [0][-]{chapter.1}{Zadanie}{}% 1
\BOOKMARK [1][-]{section.1.1}{Tresc projektu}{chapter.1}% 2
\BOOKMARK [1][-]{section.1.2}{Dane do projektu}{chapter.1}% 3
\BOOKMARK [0][-]{chapter.2}{Proces projektowania}{}% 4
\BOOKMARK [1][-]{section.2.1}{Sprawdzenie zachowania symulowanego obiektu bez regulatora dyskretnego}{chapter.2}% 5
\BOOKMARK [2][-]{subsection.2.1.1}{Analiza transmitancji obiektu}{section.2.1}% 6
\BOOKMARK [2][-]{subsection.2.1.2}{Dok\233adna transmitancja dyskretna obiektu}{section.2.1}% 7
\BOOKMARK [2][-]{subsection.2.1.3}{Transmitancja widmowa}{section.2.1}% 8
\BOOKMARK [2][-]{subsection.2.1.4}{Transmitancja pseudoczestotliwosciowa}{section.2.1}% 9
\BOOKMARK [1][-]{section.2.2}{Projektowanie regulatora}{chapter.2}% 10
\BOOKMARK [2][-]{subsection.2.2.1}{Dob\363r wzmocnienia regulatora}{section.2.2}% 11
\BOOKMARK [2][-]{subsection.2.2.2}{Dob\363r nowej pulsacji granicznej}{section.2.2}% 12
\BOOKMARK [1][-]{section.2.3}{Regulator}{chapter.2}% 13
\BOOKMARK [2][-]{subsection.2.3.1}{Transmitancja}{section.2.3}% 14
\BOOKMARK [2][-]{subsection.2.3.2}{Stabilnosc}{section.2.3}% 15
\BOOKMARK [2][-]{subsection.2.3.3}{Funkcje wrazliwosci}{section.2.3}% 16
\BOOKMARK [1][-]{section.2.4}{Odpowiedzi na zadane sygna\233y}{chapter.2}% 17
\BOOKMARK [2][-]{subsection.2.4.1}{Odpowiedz uk\233adu na skok jednostkowy}{section.2.4}% 18
\BOOKMARK [2][-]{subsection.2.4.2}{Odpowiedz uk\233adu na skok o zadanej amplitudzie }{section.2.4}% 19
\BOOKMARK [2][-]{subsection.2.4.3}{Odpowiedz uk\233adu na wymuszenie sinusoidalne }{section.2.4}% 20
\BOOKMARK [2][-]{subsection.2.4.4}{Odpowiedz uk\233adu na wymuszenie trapezowe }{section.2.4}% 21
\BOOKMARK [0][-]{chapter.3}{Wnioski}{}% 22
